# JRE version: OpenJDK Runtime Environment (8.0_242-b01) (build 1.8.0_242-release-1644-b01)
# Java VM: OpenJDK 64-Bit Server VM (25.242-b01 mixed mode windows-amd64 compressed oops)
Heap:
 PSYoungGen      total 257024K, used 191808K [0x00000000d5580000, 0x00000000ea100000, 0x0000000100000000)
  eden space 231936K, 71% used [0x00000000d5580000,0x00000000df853ac0,0x00000000e3800000)
  from space 25088K, 99% used [0x00000000e3f80000,0x00000000e57fc7f8,0x00000000e5800000)
  to   space 53760K, 0% used [0x00000000e6c80000,0x00000000e6c80000,0x00000000ea100000)
 ParOldGen       total 260608K, used 106324K [0x0000000080000000, 0x000000008fe80000, 0x00000000d5580000)
  object space 260608K, 40% used [0x0000000080000000,0x00000000867d53e0,0x000000008fe80000)
 Metaspace       used 101452K, capacity 107724K, committed 107992K, reserved 1142784K
  class space    used 12980K, capacity 14042K, committed 14080K, reserved 1048576K
GC Heap History (10 events):
Event: 8298.887 GC heap before
{Heap before GC invocations=33 (full 4):
 PSYoungGen      total 323584K, used 288838K [0x00000000d5580000, 0x00000000ed980000, 0x0000000100000000)
  eden space 273408K, 100% used [0x00000000d5580000,0x00000000e6080000,0x00000000e6080000)
  from space 50176K, 30% used [0x00000000ea880000,0x00000000eb791a70,0x00000000ed980000)
  to   space 61952K, 0% used [0x00000000e6080000,0x00000000e6080000,0x00000000e9d00000)
 ParOldGen       total 260608K, used 106284K [0x0000000080000000, 0x000000008fe80000, 0x00000000d5580000)
  object space 260608K, 40% used [0x0000000080000000,0x00000000867cb3e0,0x000000008fe80000)
 Metaspace       used 100916K, capacity 107130K, committed 107224K, reserved 1142784K
  class space    used 12971K, capacity 14031K, committed 14080K, reserved 1048576K
Event: 8298.945 GC heap after
Heap after GC invocations=33 (full 4):
 PSYoungGen      total 274432K, used 10151K [0x00000000d5580000, 0x00000000ecd80000, 0x0000000100000000)
  eden space 264192K, 0% used [0x00000000d5580000,0x00000000d5580000,0x00000000e5780000)
  from space 10240K, 99% used [0x00000000e6080000,0x00000000e6a69e40,0x00000000e6a80000)
  to   space 60416K, 0% used [0x00000000e9280000,0x00000000e9280000,0x00000000ecd80000)
 ParOldGen       total 260608K, used 106292K [0x0000000080000000, 0x000000008fe80000, 0x00000000d5580000)
  object space 260608K, 40% used [0x0000000080000000,0x00000000867cd3e0,0x000000008fe80000)
 Metaspace       used 100916K, capacity 107130K, committed 107224K, reserved 1142784K
  class space    used 12971K, capacity 14031K, committed 14080K, reserved 1048576K
}
Event: 9495.031 GC heap before
{Heap before GC invocations=34 (full 4):
 PSYoungGen      total 274432K, used 274343K [0x00000000d5580000, 0x00000000ecd80000, 0x0000000100000000)
  eden space 264192K, 100% used [0x00000000d5580000,0x00000000e5780000,0x00000000e5780000)
  from space 10240K, 99% used [0x00000000e6080000,0x00000000e6a69e40,0x00000000e6a80000)
  to   space 60416K, 0% used [0x00000000e9280000,0x00000000e9280000,0x00000000ecd80000)
 ParOldGen       total 260608K, used 106292K [0x0000000080000000, 0x000000008fe80000, 0x00000000d5580000)
  object space 260608K, 40% used [0x0000000080000000,0x00000000867cd3e0,0x000000008fe80000)
 Metaspace       used 101040K, capacity 107328K, committed 107480K, reserved 1142784K
  class space    used 12973K, capacity 14032K, committed 14080K, reserved 1048576K
Event: 9495.226 GC heap after
Heap after GC invocations=34 (full 4):
 PSYoungGen      total 311296K, used 37884K [0x00000000d5580000, 0x00000000ec900000, 0x0000000100000000)
  eden space 255488K, 0% used [0x00000000d5580000,0x00000000d5580000,0x00000000e4f00000)
  from space 55808K, 67% used [0x00000000e9280000,0x00000000eb77f058,0x00000000ec900000)
  to   space 62464K, 0% used [0x00000000e4f00000,0x00000000e4f00000,0x00000000e8c00000)
 ParOldGen       total 260608K, used 106300K [0x0000000080000000, 0x000000008fe80000, 0x00000000d5580000)
  object space 260608K, 40% used [0x0000000080000000,0x00000000867cf3e0,0x000000008fe80000)
 Metaspace       used 101040K, capacity 107328K, committed 107480K, reserved 1142784K
  class space    used 12973K, capacity 14032K, committed 14080K, reserved 1048576K
}
Event: 9561.755 GC heap before
{Heap before GC invocations=35 (full 4):
 PSYoungGen      total 311296K, used 293372K [0x00000000d5580000, 0x00000000ec900000, 0x0000000100000000)
  eden space 255488K, 100% used [0x00000000d5580000,0x00000000e4f00000,0x00000000e4f00000)
  from space 55808K, 67% used [0x00000000e9280000,0x00000000eb77f058,0x00000000ec900000)
  to   space 62464K, 0% used [0x00000000e4f00000,0x00000000e4f00000,0x00000000e8c00000)
 ParOldGen       total 260608K, used 106300K [0x0000000080000000, 0x000000008fe80000, 0x00000000d5580000)
  object space 260608K, 40% used [0x0000000080000000,0x00000000867cf3e0,0x000000008fe80000)
 Metaspace       used 101179K, capacity 107466K, committed 107736K, reserved 1142784K
  class space    used 12973K, capacity 14033K, committed 14080K, reserved 1048576K
Event: 9561.876 GC heap after
Heap after GC invocations=35 (full 4):
 PSYoungGen      total 267264K, used 19462K [0x00000000d5580000, 0x00000000ebb00000, 0x0000000100000000)
  eden space 247296K, 0% used [0x00000000d5580000,0x00000000d5580000,0x00000000e4700000)
  from space 19968K, 97% used [0x00000000e4f00000,0x00000000e6201b40,0x00000000e6280000)
  to   space 59392K, 0% used [0x00000000e8100000,0x00000000e8100000,0x00000000ebb00000)
 ParOldGen       total 260608K, used 106308K [0x0000000080000000, 0x000000008fe80000, 0x00000000d5580000)
  object space 260608K, 40% used [0x0000000080000000,0x00000000867d13e0,0x000000008fe80000)
 Metaspace       used 101179K, capacity 107466K, committed 107736K, reserved 1142784K
  class space    used 12973K, capacity 14033K, committed 14080K, reserved 1048576K
}
Event: 10432.360 GC heap before
{Heap before GC invocations=36 (full 4):
 PSYoungGen      total 267264K, used 266406K [0x00000000d5580000, 0x00000000ebb00000, 0x0000000100000000)
  eden space 247296K, 99% used [0x00000000d5580000,0x00000000e46a80b8,0x00000000e4700000)
  from space 19968K, 97% used [0x00000000e4f00000,0x00000000e6201b40,0x00000000e6280000)
  to   space 59392K, 0% used [0x00000000e8100000,0x00000000e8100000,0x00000000ebb00000)
 ParOldGen       total 260608K, used 106308K [0x0000000080000000, 0x000000008fe80000, 0x00000000d5580000)
  object space 260608K, 40% used [0x0000000080000000,0x00000000867d13e0,0x000000008fe80000)
 Metaspace       used 101273K, capacity 107602K, committed 107736K, reserved 1142784K
  class space    used 12973K, capacity 14033K, committed 14080K, reserved 1048576K
Event: 10432.476 GC heap after
Heap after GC invocations=36 (full 4):
 PSYoungGen      total 285184K, used 21344K [0x00000000d5580000, 0x00000000ead80000, 0x0000000100000000)
  eden space 239616K, 0% used [0x00000000d5580000,0x00000000d5580000,0x00000000e3f80000)
  from space 45568K, 46% used [0x00000000e8100000,0x00000000e95d8200,0x00000000ead80000)
  to   space 56320K, 0% used [0x00000000e3f80000,0x00000000e3f80000,0x00000000e7680000)
 ParOldGen       total 260608K, used 106316K [0x0000000080000000, 0x000000008fe80000, 0x00000000d5580000)
  object space 260608K, 40% used [0x0000000080000000,0x00000000867d33e0,0x000000008fe80000)
 Metaspace       used 101273K, capacity 107602K, committed 107736K, reserved 1142784K
  class space    used 12973K, capacity 14033K, committed 14080K, reserved 1048576K
}
Event: 10439.083 GC heap before
{Heap before GC invocations=37 (full 4):
 PSYoungGen      total 285184K, used 260960K [0x00000000d5580000, 0x00000000ead80000, 0x0000000100000000)
  eden space 239616K, 100% used [0x00000000d5580000,0x00000000e3f80000,0x00000000e3f80000)
  from space 45568K, 46% used [0x00000000e8100000,0x00000000e95d8200,0x00000000ead80000)
  to   space 56320K, 0% used [0x00000000e3f80000,0x00000000e3f80000,0x00000000e7680000)
 ParOldGen       total 260608K, used 106316K [0x0000000080000000, 0x000000008fe80000, 0x00000000d5580000)
  object space 260608K, 40% used [0x0000000080000000,0x00000000867d33e0,0x000000008fe80000)
 Metaspace       used 101368K, capacity 107620K, committed 107736K, reserved 1142784K
  class space    used 12976K, capacity 14036K, committed 14080K, reserved 1048576K
Event: 10439.156 GC heap after
Heap after GC invocations=37 (full 4):
 PSYoungGen      total 257024K, used 25073K [0x00000000d5580000, 0x00000000ea100000, 0x0000000100000000)
  eden space 231936K, 0% used [0x00000000d5580000,0x00000000d5580000,0x00000000e3800000)
  from space 25088K, 99% used [0x00000000e3f80000,0x00000000e57fc7f8,0x00000000e5800000)
  to   space 53760K, 0% used [0x00000000e6c80000,0x00000000e6c80000,0x00000000ea100000)
 ParOldGen       total 260608K, used 106324K [0x0000000080000000, 0x000000008fe80000, 0x00000000d5580000)
  object space 260608K, 40% used [0x0000000080000000,0x00000000867d53e0,0x000000008fe80000)
 Metaspace       used 101368K, capacity 107620K, committed 107736K, reserved 1142784K
  class space    used 12976K, capacity 14036K, committed 14080K, reserved 1048576K
}

